This file contains any messages produced by compilers while
running configure, to aid debugging if configure makes a mistake.

It was created by configure, which was
generated by GNU Autoconf 2.62.  Invocation command line was

  $ ./configure --with-php-config=/usr/bin/php-config

## --------- ##
## Platform. ##
## --------- ##

hostname = xuhq-Inspiron-N5110
uname -m = x86_64
uname -r = 3.8.0-29-generic
uname -s = Linux
uname -v = #42~precise1-Ubuntu SMP Wed Aug 14 16:19:23 UTC 2013

/usr/bin/uname -p = unknown
/bin/uname -X     = unknown

/bin/arch              = unknown
/usr/bin/arch -k       = unknown
/usr/convex/getsysinfo = unknown
/usr/bin/hostinfo      = unknown
/bin/machine           = unknown
/usr/bin/oslevel       = unknown
/bin/universe          = unknown

PATH: /usr/local/sbin
PATH: /usr/local/bin
PATH: /usr/sbin
PATH: /usr/bin
PATH: /sbin
PATH: /bin
PATH: /usr/games


## ----------- ##
## Core tests. ##
## ----------- ##

configure:1860: checking for grep that handles long lines and -e
configure:1920: result: /bin/grep
configure:1925: checking for egrep
configure:1989: result: /bin/grep -E
configure:1994: checking for a sed that does not truncate output
configure:2060: result: /bin/sed
configure:2194: checking for cc
configure:2210: found /usr/bin/cc
configure:2221: result: cc
configure:2257: checking for C compiler version
configure:2265: cc --version >&5
cc (Ubuntu/Linaro 4.6.3-1ubuntu5) 4.6.3
Copyright (C) 2011 Free Software Foundation, Inc.
This is free software; see the source for copying conditions.  There is NO
warranty; not even for MERCHANTABILITY or FITNESS FOR A PARTICULAR PURPOSE.

configure:2269: $? = 0
configure:2276: cc -v >&5
Using built-in specs.
COLLECT_GCC=cc
COLLECT_LTO_WRAPPER=/usr/lib/gcc/x86_64-linux-gnu/4.6/lto-wrapper
Target: x86_64-linux-gnu
Configured with: ../src/configure -v --with-pkgversion='Ubuntu/Linaro 4.6.3-1ubuntu5' --with-bugurl=file:///usr/share/doc/gcc-4.6/README.Bugs --enable-languages=c,c++,fortran,objc,obj-c++ --prefix=/usr --program-suffix=-4.6 --enable-shared --enable-linker-build-id --with-system-zlib --libexecdir=/usr/lib --without-included-gettext --enable-threads=posix --with-gxx-include-dir=/usr/include/c++/4.6 --libdir=/usr/lib --enable-nls --with-sysroot=/ --enable-clocale=gnu --enable-libstdcxx-debug --enable-libstdcxx-time=yes --enable-gnu-unique-object --enable-plugin --enable-objc-gc --disable-werror --with-arch-32=i686 --with-tune=generic --enable-checking=release --build=x86_64-linux-gnu --host=x86_64-linux-gnu --target=x86_64-linux-gnu
Thread model: posix
gcc version 4.6.3 (Ubuntu/Linaro 4.6.3-1ubuntu5) 
configure:2280: $? = 0
configure:2287: cc -V >&5
cc: error: unrecognized option '-V'
cc: fatal error: no input files
compilation terminated.
configure:2291: $? = 4
configure:2314: checking for C compiler default output file name
configure:2336: cc    conftest.c  >&5
configure:2340: $? = 0
configure:2378: result: a.out
configure:2395: checking whether the C compiler works
configure:2405: ./a.out
configure:2409: $? = 0
configure:2426: result: yes
configure:2433: checking whether we are cross compiling
configure:2435: result: no
configure:2438: checking for suffix of executables
configure:2445: cc -o conftest    conftest.c  >&5
configure:2449: $? = 0
configure:2473: result: 
configure:2479: checking for suffix of object files
configure:2505: cc -c   conftest.c >&5
configure:2509: $? = 0
configure:2532: result: o
configure:2536: checking whether we are using the GNU C compiler
configure:2565: cc -c   conftest.c >&5
configure:2572: $? = 0
configure:2589: result: yes
configure:2598: checking whether cc accepts -g
configure:2628: cc -c -g  conftest.c >&5
configure:2635: $? = 0
configure:2736: result: yes
configure:2753: checking for cc option to accept ISO C89
configure:2827: cc  -c -g -O2  conftest.c >&5
configure:2834: $? = 0
configure:2857: result: none needed
configure:2881: checking how to run the C preprocessor
configure:2921: cc -E  conftest.c
configure:2928: $? = 0
configure:2959: cc -E  conftest.c
conftest.c:8:28: fatal error: ac_nonexistent.h: No such file or directory
compilation terminated.
configure:2966: $? = 1
configure: failed program was:
| /* confdefs.h.  */
| #define PACKAGE_NAME ""
| #define PACKAGE_TARNAME ""
| #define PACKAGE_VERSION ""
| #define PACKAGE_STRING ""
| #define PACKAGE_BUGREPORT ""
| /* end confdefs.h.  */
| #include <ac_nonexistent.h>
configure:2999: result: cc -E
configure:3028: cc -E  conftest.c
configure:3035: $? = 0
configure:3066: cc -E  conftest.c
conftest.c:8:28: fatal error: ac_nonexistent.h: No such file or directory
compilation terminated.
configure:3073: $? = 1
configure: failed program was:
| /* confdefs.h.  */
| #define PACKAGE_NAME ""
| #define PACKAGE_TARNAME ""
| #define PACKAGE_VERSION ""
| #define PACKAGE_STRING ""
| #define PACKAGE_BUGREPORT ""
| /* end confdefs.h.  */
| #include <ac_nonexistent.h>
configure:3113: checking for icc
configure:3126: result: no
configure:3140: checking for suncc
configure:3153: result: no
configure:3171: checking whether cc understands -c and -o together
configure:3203: cc -c conftest.c -o conftest2.o >&5
configure:3207: $? = 0
configure:3213: cc -c conftest.c -o conftest2.o >&5
configure:3217: $? = 0
configure:3272: result: yes
configure:3288: checking for system library directory
configure:3303: result: lib
configure:3310: checking if compiler supports -R
configure:3339: cc -o conftest -g -O2   conftest.c -R /usr/lib  >&5
cc: error: unrecognized option '-R'
configure:3346: $? = 1
configure: failed program was:
| /* confdefs.h.  */
| #define PACKAGE_NAME ""
| #define PACKAGE_TARNAME ""
| #define PACKAGE_VERSION ""
| #define PACKAGE_STRING ""
| #define PACKAGE_BUGREPORT ""
| /* end confdefs.h.  */
| 
| int
| main ()
| {
| 
|   ;
|   return 0;
| }
configure:3368: result: no
configure:3373: checking if compiler supports -Wl,-rpath,
configure:3402: cc -o conftest -g -O2   conftest.c -Wl,-rpath,/usr/lib  >&5
configure:3409: $? = 0
configure:3431: result: yes
configure:3480: checking build system type
configure:3498: result: x86_64-unknown-linux-gnu
configure:3520: checking host system type
configure:3535: result: x86_64-unknown-linux-gnu
configure:3557: checking target system type
configure:3572: result: x86_64-unknown-linux-gnu
configure:3681: checking for PHP prefix
configure:3683: result: /usr
configure:3685: checking for PHP includes
configure:3687: result: -I/usr/include/php5 -I/usr/include/php5/main -I/usr/include/php5/TSRM -I/usr/include/php5/Zend -I/usr/include/php5/ext -I/usr/include/php5/ext/date/lib
configure:3689: checking for PHP extension directory
configure:3691: result: /usr/lib/php5/20090626
configure:3693: checking for PHP installed headers prefix
configure:3695: result: /usr/include/php5
configure:3698: checking if debug is enabled
configure:3728: result: no
configure:3731: checking if zts is enabled
configure:3761: result: no
configure:3835: checking for re2c
configure:3865: result: no
configure:3890: WARNING: You will need re2c 0.13.4 or later if you want to regenerate PHP parsers.
configure:3904: checking for gawk
configure:3935: result: no
configure:3904: checking for nawk
configure:3921: found /usr/bin/nawk
configure:3932: result: nawk
configure:3957: checking if nawk is broken
configure:3966: result: no
configure:3980: checking for php_screw support
configure:4020: result: yes, shared
configure:4030: checking whether to enable php_screw support
configure:4069: result: yes, shared
configure:4440: checking how to print strings
configure:4467: result: printf
configure:4488: checking for a sed that does not truncate output
configure:4554: result: /bin/sed
configure:4572: checking for fgrep
configure:4636: result: /bin/grep -F
configure:4671: checking for ld used by cc
configure:4738: result: /usr/bin/ld
configure:4747: checking if the linker (/usr/bin/ld) is GNU ld
configure:4762: result: yes
configure:4774: checking for BSD- or MS-compatible name lister (nm)
configure:4823: result: /usr/bin/nm -B
configure:4957: checking the name lister (/usr/bin/nm -B) interface
configure:4964: cc -c -g -O2  conftest.c >&5
configure:4967: /usr/bin/nm -B "conftest.o"
configure:4970: output
0000000000000000 B some_variable
configure:4977: result: BSD nm
configure:4980: checking whether ln -s works
configure:4984: result: yes
configure:4992: checking the maximum length of command line arguments
configure:5122: result: 1572864
configure:5139: checking whether the shell understands some XSI constructs
configure:5149: result: yes
configure:5153: checking whether the shell understands "+="
configure:5159: result: yes
configure:5194: checking how to convert x86_64-unknown-linux-gnu file names to x86_64-unknown-linux-gnu format
configure:5234: result: func_convert_file_noop
configure:5241: checking how to convert x86_64-unknown-linux-gnu file names to toolchain format
configure:5261: result: func_convert_file_noop
configure:5268: checking for /usr/bin/ld option to reload object files
configure:5275: result: -r
configure:5349: checking for objdump
configure:5365: found /usr/bin/objdump
configure:5376: result: objdump
configure:5412: checking how to recognize dependent libraries
configure:5614: result: pass_all
configure:5699: checking for dlltool
configure:5729: result: no
configure:5763: checking how to associate runtime and link libraries
configure:5790: result: printf %s\n
configure:5850: checking for ar
configure:5866: found /usr/bin/ar
configure:5877: result: ar
configure:5918: checking for archiver @FILE support
configure:5945: cc -c -g -O2  conftest.c >&5
configure:5952: $? = 0
configure:5959: ar cru libconftest.a @conftest.lst >&5
configure:5962: $? = 0
configure:5967: ar cru libconftest.a @conftest.lst >&5
ar: conftest.o: No such file or directory
configure:5970: $? = 1
configure:5988: result: @
configure:6046: checking for strip
configure:6062: found /usr/bin/strip
configure:6073: result: strip
configure:6149: checking for ranlib
configure:6165: found /usr/bin/ranlib
configure:6176: result: ranlib
configure:6257: checking for gawk
configure:6284: result: nawk
configure:6324: checking command to parse /usr/bin/nm -B output from cc object
configure:6444: cc -c -g -O2  conftest.c >&5
configure:6447: $? = 0
configure:6451: /usr/bin/nm -B conftest.o \| sed -n -e 's/^.*[ ]\([ABCDGIRSTW][ABCDGIRSTW]*\)[ ][ ]*\([_A-Za-z][_A-Za-z0-9]*\)$/\1 \2 \2/p' | sed '/ __gnu_lto/d' \> conftest.nm
configure:6454: $? = 0
configure:6520: cc -o conftest -g -O2   conftest.c conftstm.o >&5
configure:6523: $? = 0
configure:6561: result: ok
configure:6598: checking for sysroot
configure:6630: result: no
configure:6707: cc -c -g -O2  conftest.c >&5
configure:6710: $? = 0
configure:6915: checking for mt
configure:6931: found /bin/mt
configure:6942: result: mt
configure:6969: checking if mt is a manifest tool
configure:6975: mt '-?'
configure:6983: result: no
configure:7669: checking for ANSI C header files
configure:7699: cc -c -g -O2  conftest.c >&5
configure:7706: $? = 0
configure:7805: cc -o conftest -g -O2   conftest.c  >&5
configure:7809: $? = 0
configure:7815: ./conftest
configure:7819: $? = 0
configure:7837: result: yes
configure:7861: checking for sys/types.h
configure:7882: cc -c -g -O2  conftest.c >&5
configure:7889: $? = 0
configure:7906: result: yes
configure:7861: checking for sys/stat.h
configure:7882: cc -c -g -O2  conftest.c >&5
configure:7889: $? = 0
configure:7906: result: yes
configure:7861: checking for stdlib.h
configure:7882: cc -c -g -O2  conftest.c >&5
configure:7889: $? = 0
configure:7906: result: yes
configure:7861: checking for string.h
configure:7882: cc -c -g -O2  conftest.c >&5
configure:7889: $? = 0
configure:7906: result: yes
configure:7861: checking for memory.h
configure:7882: cc -c -g -O2  conftest.c >&5
configure:7889: $? = 0
configure:7906: result: yes
configure:7861: checking for strings.h
configure:7882: cc -c -g -O2  conftest.c >&5
configure:7889: $? = 0
configure:7906: result: yes
configure:7861: checking for inttypes.h
configure:7882: cc -c -g -O2  conftest.c >&5
configure:7889: $? = 0
configure:7906: result: yes
configure:7861: checking for stdint.h
configure:7882: cc -c -g -O2  conftest.c >&5
configure:7889: $? = 0
configure:7906: result: yes
configure:7861: checking for unistd.h
configure:7882: cc -c -g -O2  conftest.c >&5
configure:7889: $? = 0
configure:7906: result: yes
configure:7923: checking for dlfcn.h
configure:7944: cc -c -g -O2  conftest.c >&5
configure:7951: $? = 0
configure:7968: result: yes
configure:8175: checking for objdir
configure:8190: result: .libs
configure:8461: checking if cc supports -fno-rtti -fno-exceptions
configure:8479: cc -c -g -O2  -fno-rtti -fno-exceptions conftest.c >&5
cc1: warning: command line option '-fno-rtti' is valid for C++/ObjC++ but not for C [enabled by default]
configure:8483: $? = 0
configure:8496: result: no
configure:8823: checking for cc option to produce PIC
configure:8830: result: -fPIC -DPIC
configure:8838: checking if cc PIC flag -fPIC -DPIC works
configure:8856: cc -c -g -O2  -fPIC -DPIC -DPIC conftest.c >&5
configure:8860: $? = 0
configure:8873: result: yes
configure:8902: checking if cc static flag -static works
configure:8930: result: yes
configure:8945: checking if cc supports -c -o file.o
configure:8966: cc -c -g -O2  -o out/conftest2.o conftest.c >&5
configure:8970: $? = 0
configure:8992: result: yes
configure:9000: checking if cc supports -c -o file.o
configure:9047: result: yes
configure:9080: checking whether the cc linker (/usr/bin/ld -m elf_x86_64) supports shared libraries
configure:10328: result: yes
configure:10365: checking whether -lc should be explicitly linked in
configure:10373: cc -c -g -O2  conftest.c >&5
configure:10376: $? = 0
configure:10391: cc -shared  -fPIC -DPIC conftest.o  -v -Wl,-soname -Wl,conftest -o conftest 2\>\&1 \| /bin/grep  -lc  \>/dev/null 2\>\&1
configure:10394: $? = 0
configure:10408: result: no
configure:10568: checking dynamic linker characteristics
configure:11089: cc -o conftest -g -O2   -Wl,-rpath -Wl,/foo conftest.c  >&5
configure:11096: $? = 0
configure:11345: result: GNU/Linux ld.so
configure:11452: checking how to hardcode library paths into programs
configure:11477: result: immediate
configure:12330: checking whether stripping libraries is possible
configure:12335: result: yes
configure:12370: checking if libtool supports shared libraries
configure:12372: result: yes
configure:12375: checking whether to build shared libraries
configure:12396: result: yes
configure:12399: checking whether to build static libraries
configure:12403: result: no
configure:12667: creating ./config.status

## ---------------------- ##
## Running config.status. ##
## ---------------------- ##

This file was extended by config.status, which was
generated by GNU Autoconf 2.62.  Invocation command line was

  CONFIG_FILES    = 
  CONFIG_HEADERS  = 
  CONFIG_LINKS    = 
  CONFIG_COMMANDS = 
  $ ./config.status 

on xuhq-Inspiron-N5110

config.status:815: creating config.h
config.status:967: executing libtool commands

## ---------------- ##
## Cache variables. ##
## ---------------- ##

ac_cv_build=x86_64-unknown-linux-gnu
ac_cv_c_compiler_gnu=yes
ac_cv_env_CC_set=
ac_cv_env_CC_value=
ac_cv_env_CFLAGS_set=
ac_cv_env_CFLAGS_value=
ac_cv_env_CPPFLAGS_set=
ac_cv_env_CPPFLAGS_value=
ac_cv_env_CPP_set=
ac_cv_env_CPP_value=
ac_cv_env_LDFLAGS_set=
ac_cv_env_LDFLAGS_value=
ac_cv_env_LIBS_set=
ac_cv_env_LIBS_value=
ac_cv_env_build_alias_set=
ac_cv_env_build_alias_value=
ac_cv_env_host_alias_set=
ac_cv_env_host_alias_value=
ac_cv_env_target_alias_set=
ac_cv_env_target_alias_value=
ac_cv_header_dlfcn_h=yes
ac_cv_header_inttypes_h=yes
ac_cv_header_memory_h=yes
ac_cv_header_stdc=yes
ac_cv_header_stdint_h=yes
ac_cv_header_stdlib_h=yes
ac_cv_header_string_h=yes
ac_cv_header_strings_h=yes
ac_cv_header_sys_stat_h=yes
ac_cv_header_sys_types_h=yes
ac_cv_header_unistd_h=yes
ac_cv_host=x86_64-unknown-linux-gnu
ac_cv_objext=o
ac_cv_path_EGREP='/bin/grep -E'
ac_cv_path_FGREP='/bin/grep -F'
ac_cv_path_GREP=/bin/grep
ac_cv_path_SED=/bin/sed
ac_cv_prog_AWK=nawk
ac_cv_prog_CPP='cc -E'
ac_cv_prog_ac_ct_AR=ar
ac_cv_prog_ac_ct_CC=cc
ac_cv_prog_ac_ct_MANIFEST_TOOL=mt
ac_cv_prog_ac_ct_OBJDUMP=objdump
ac_cv_prog_ac_ct_RANLIB=ranlib
ac_cv_prog_ac_ct_STRIP=strip
ac_cv_prog_cc_c89=
ac_cv_prog_cc_cc_c_o=yes
ac_cv_prog_cc_g=yes
ac_cv_target=x86_64-unknown-linux-gnu
lt_cv_ar_at_file=@
lt_cv_archive_cmds_need_lc=no
lt_cv_deplibs_check_method=pass_all
lt_cv_file_magic_cmd='$MAGIC_CMD'
lt_cv_file_magic_test_file=
lt_cv_ld_reload_flag=-r
lt_cv_nm_interface='BSD nm'
lt_cv_objdir=.libs
lt_cv_path_LD=/usr/bin/ld
lt_cv_path_NM='/usr/bin/nm -B'
lt_cv_path_mainfest_tool=no
lt_cv_prog_compiler_c_o=yes
lt_cv_prog_compiler_pic='-fPIC -DPIC'
lt_cv_prog_compiler_pic_works=yes
lt_cv_prog_compiler_rtti_exceptions=no
lt_cv_prog_compiler_static_works=yes
lt_cv_prog_gnu_ld=yes
lt_cv_sharedlib_from_linklib_cmd='printf %s\n'
lt_cv_shlibpath_overrides_runpath=no
lt_cv_sys_global_symbol_pipe='sed -n -e '\''s/^.*[	 ]\([ABCDGIRSTW][ABCDGIRSTW]*\)[	 ][	 ]*\([_A-Za-z][_A-Za-z0-9]*\)$/\1 \2 \2/p'\'' | sed '\''/ __gnu_lto/d'\'''
lt_cv_sys_global_symbol_to_c_name_address='sed -n -e '\''s/^: \([^ ]*\)[ ]*$/  {\"\1\", (void *) 0},/p'\'' -e '\''s/^[ABCDGIRSTW]* \([^ ]*\) \([^ ]*\)$/  {"\2", (void *) \&\2},/p'\'''
lt_cv_sys_global_symbol_to_c_name_address_lib_prefix='sed -n -e '\''s/^: \([^ ]*\)[ ]*$/  {\"\1\", (void *) 0},/p'\'' -e '\''s/^[ABCDGIRSTW]* \([^ ]*\) \(lib[^ ]*\)$/  {"\2", (void *) \&\2},/p'\'' -e '\''s/^[ABCDGIRSTW]* \([^ ]*\) \([^ ]*\)$/  {"lib\2", (void *) \&\2},/p'\'''
lt_cv_sys_global_symbol_to_cdecl='sed -n -e '\''s/^T .* \(.*\)$/extern int \1();/p'\'' -e '\''s/^[ABCDGIRSTW]* .* \(.*\)$/extern char \1;/p'\'''
lt_cv_sys_max_cmd_len=1572864
lt_cv_to_host_file_cmd=func_convert_file_noop
lt_cv_to_tool_file_cmd=func_convert_file_noop
php_cv_cc_dashr=no
php_cv_cc_rpath=yes

## ----------------- ##
## Output variables. ##
## ----------------- ##

AR='ar'
AWK='nawk'
CC='cc'
CFLAGS='-g -O2'
CONFIGURE_COMMAND=' '\''./configure'\''  '\''--with-php-config=/usr/bin/php-config'\'''
CONFIGURE_OPTIONS=' '\''--with-php-config=/usr/bin/php-config'\'''
CPP='cc -E'
CPPFLAGS=' -DHAVE_CONFIG_H'
DEFS='-DHAVE_CONFIG_H'
DLLTOOL='false'
DSYMUTIL=''
DUMPBIN=''
ECHO_C=''
ECHO_N='-n'
ECHO_T=''
EGREP='/bin/grep -E'
EXEEXT=''
FGREP='/bin/grep -F'
GREP='/bin/grep'
LD='/usr/bin/ld -m elf_x86_64'
LDFLAGS=''
LIBOBJS=''
LIBS=''
LIBTOOL='$(SHELL) $(top_builddir)/libtool'
LIPO=''
LN_S='ln -s'
LTLIBOBJS=''
MANIFEST_TOOL=':'
NM='/usr/bin/nm -B'
NMEDIT=''
OBJDUMP='objdump'
OBJEXT='o'
OTOOL64=''
OTOOL=''
PACKAGE_BUGREPORT=''
PACKAGE_NAME=''
PACKAGE_STRING=''
PACKAGE_TARNAME=''
PACKAGE_VERSION=''
PATH_SEPARATOR=':'
RANLIB='ranlib'
RE2C='exit 0;'
SED='/bin/sed'
SHELL='/bin/bash'
SHLIB_DL_SUFFIX_NAME='so'
SHLIB_SUFFIX_NAME='so'
STRIP='strip'
ac_ct_AR='ar'
ac_ct_CC='cc'
ac_ct_DUMPBIN=''
bindir='${exec_prefix}/bin'
build='x86_64-unknown-linux-gnu'
build_alias=''
build_cpu='x86_64'
build_os='linux-gnu'
build_vendor='unknown'
datadir='${datarootdir}'
datarootdir='${prefix}/share'
docdir='${datarootdir}/doc/${PACKAGE}'
dvidir='${docdir}'
exec_prefix='$(prefix)'
host='x86_64-unknown-linux-gnu'
host_alias='x86_64-unknown-linux-gnu'
host_cpu='x86_64'
host_os='linux-gnu'
host_vendor='unknown'
htmldir='${docdir}'
includedir='${prefix}/include'
infodir='${datarootdir}/info'
libdir='${exec_prefix}/lib'
libexecdir='${exec_prefix}/libexec'
localedir='${datarootdir}/locale'
localstatedir='${prefix}/var'
mandir='${datarootdir}/man'
oldincludedir='/usr/include'
pdfdir='${docdir}'
prefix='/usr'
program_transform_name='s,x,x,'
psdir='${docdir}'
sbindir='${exec_prefix}/sbin'
sharedstatedir='${prefix}/com'
sysconfdir='${prefix}/etc'
target='x86_64-unknown-linux-gnu'
target_alias=''
target_cpu='x86_64'
target_os='linux-gnu'
target_vendor='unknown'

## ----------- ##
## confdefs.h. ##
## ----------- ##

#define PACKAGE_NAME ""
#define PACKAGE_TARNAME ""
#define PACKAGE_VERSION ""
#define PACKAGE_STRING ""
#define PACKAGE_BUGREPORT ""
#define COMPILE_DL_PHP_SCREW 1
#define STDC_HEADERS 1
#define HAVE_SYS_TYPES_H 1
#define HAVE_SYS_STAT_H 1
#define HAVE_STDLIB_H 1
#define HAVE_STRING_H 1
#define HAVE_MEMORY_H 1
#define HAVE_STRINGS_H 1
#define HAVE_INTTYPES_H 1
#define HAVE_STDINT_H 1
#define HAVE_UNISTD_H 1
#define HAVE_DLFCN_H 1
#define LT_OBJDIR ".libs/"

configure: exit 0
