[ 2013-08-25T10:17:38+08:00 ] 127.0.0.1 /webapp/
INFO: [ app_begin ] --START--
INFO: ReadHtmlCache Behavior ::run [ RunTime:0.000630s ]
INFO: [ app_begin ] --END-- [ RunTime:0.000794s ]
INFO: [ view_parse ] --START--
INFO: ParseTemplate Behavior ::run [ RunTime:0.003533s ]
INFO: [ view_parse ] --END-- [ RunTime:0.003599s ]
INFO: [ view_filter ] --START--
NOTIC: [8] Use of undefined constant APP_TMPL_PATH - assumed 'APP_TMPL_PATH' /home/andos/workspace/apache/webapp/ThinkPHP/Lib/Behavior/ContentReplaceBehavior.class.php 第 40 行.
NOTIC: [8] Use of undefined constant APP_TMPL_PATH - assumed 'APP_TMPL_PATH' /home/andos/workspace/apache/webapp/ThinkPHP/Lib/Behavior/ContentReplaceBehavior.class.php 第 47 行.
INFO: ContentReplace Behavior ::run [ RunTime:0.000177s ]
INFO: TokenBuild Behavior ::run [ RunTime:0.000150s ]
INFO: WriteHtmlCache Behavior ::run [ RunTime:0.000088s ]
INFO: ShowRuntime Behavior ::run [ RunTime:0.000196s ]
INFO: [ view_filter ] --END-- [ RunTime:0.000705s ]
INFO: [ view_end ] --START--
INFO: ShowPageTrace Behavior ::run [ RunTime:0.000285s ]
INFO: [ view_end ] --END-- [ RunTime:0.000318s ]

[ 2013-08-25T10:19:04+08:00 ] 127.0.0.1 /webapp/
INFO: [ app_begin ] --START--
INFO: ReadHtmlCache Behavior ::run [ RunTime:0.000385s ]
INFO: [ app_begin ] --END-- [ RunTime:0.000498s ]

[ 2013-08-25T10:30:52+08:00 ] 127.0.0.1 /webapp/
INFO: [ app_begin ] --START--
INFO: ReadHtmlCache Behavior ::run [ RunTime:0.000338s ]
INFO: [ app_begin ] --END-- [ RunTime:0.000425s ]
INFO: [ view_parse ] --START--
INFO: ParseTemplate Behavior ::run [ RunTime:0.003797s ]
INFO: [ view_parse ] --END-- [ RunTime:0.003852s ]
INFO: [ view_filter ] --START--
INFO: ContentReplace Behavior ::run [ RunTime:0.000140s ]
INFO: TokenBuild Behavior ::run [ RunTime:0.000138s ]
INFO: WriteHtmlCache Behavior ::run [ RunTime:0.000080s ]
INFO: ShowRuntime Behavior ::run [ RunTime:0.000230s ]
INFO: [ view_filter ] --END-- [ RunTime:0.000679s ]
INFO: [ view_end ] --START--
INFO: ShowPageTrace Behavior ::run [ RunTime:0.000292s ]
INFO: [ view_end ] --END-- [ RunTime:0.000328s ]

[ 2013-08-25T10:52:10+08:00 ] 127.0.0.1 /webapp/
INFO: [ app_begin ] --START--
INFO: ReadHtmlCache Behavior ::run [ RunTime:0.000365s ]
INFO: [ app_begin ] --END-- [ RunTime:0.000456s ]
NOTIC: [2] mysql_connect(): Access denied for user 'root'@'localhost' (using password: NO) /home/andos/workspace/apache/webapp/ThinkPHP/Lib/Driver/Db/DbMysql.class.php 第 55 行.
ERR: Access denied for user 'root'@'localhost' (using password: NO)

[ 2013-08-25T10:52:28+08:00 ] 127.0.0.1 /webapp/
INFO: [ app_begin ] --START--
INFO: ReadHtmlCache Behavior ::run [ RunTime:0.000478s ]
INFO: [ app_begin ] --END-- [ RunTime:0.000659s ]
ERR: Access denied for user ''@'localhost' to database 'thinkphp'

[ 2013-08-25T10:52:28+08:00 ] 127.0.0.1 /webapp/
INFO: [ app_begin ] --START--
INFO: ReadHtmlCache Behavior ::run [ RunTime:0.000288s ]
INFO: [ app_begin ] --END-- [ RunTime:0.000352s ]
ERR: Access denied for user ''@'localhost' to database 'thinkphp'

[ 2013-08-25T10:52:28+08:00 ] 127.0.0.1 /webapp/
INFO: [ app_begin ] --START--
INFO: ReadHtmlCache Behavior ::run [ RunTime:0.000500s ]
INFO: [ app_begin ] --END-- [ RunTime:0.000588s ]
ERR: Access denied for user ''@'localhost' to database 'thinkphp'

[ 2013-08-25T10:52:28+08:00 ] 127.0.0.1 /webapp/
INFO: [ app_begin ] --START--
INFO: ReadHtmlCache Behavior ::run [ RunTime:0.000314s ]
INFO: [ app_begin ] --END-- [ RunTime:0.000388s ]
ERR: Access denied for user ''@'localhost' to database 'thinkphp'

[ 2013-08-25T10:52:29+08:00 ] 127.0.0.1 /webapp/
INFO: [ app_begin ] --START--
INFO: ReadHtmlCache Behavior ::run [ RunTime:0.000441s ]
INFO: [ app_begin ] --END-- [ RunTime:0.000545s ]
ERR: Access denied for user ''@'localhost' to database 'thinkphp'

[ 2013-08-25T10:52:29+08:00 ] 127.0.0.1 /webapp/
INFO: [ app_begin ] --START--
INFO: ReadHtmlCache Behavior ::run [ RunTime:0.000277s ]
INFO: [ app_begin ] --END-- [ RunTime:0.000339s ]
ERR: Access denied for user ''@'localhost' to database 'thinkphp'

[ 2013-08-25T10:52:29+08:00 ] 127.0.0.1 /webapp/
INFO: [ app_begin ] --START--
INFO: ReadHtmlCache Behavior ::run [ RunTime:0.000314s ]
INFO: [ app_begin ] --END-- [ RunTime:0.000386s ]
ERR: Access denied for user ''@'localhost' to database 'thinkphp'

[ 2013-08-25T10:52:29+08:00 ] 127.0.0.1 /webapp/
INFO: [ app_begin ] --START--
INFO: ReadHtmlCache Behavior ::run [ RunTime:0.000282s ]
INFO: [ app_begin ] --END-- [ RunTime:0.000348s ]
ERR: Access denied for user ''@'localhost' to database 'thinkphp'

[ 2013-08-25T10:52:29+08:00 ] 127.0.0.1 /webapp/
INFO: [ app_begin ] --START--
INFO: ReadHtmlCache Behavior ::run [ RunTime:0.000268s ]
INFO: [ app_begin ] --END-- [ RunTime:0.000376s ]
ERR: Access denied for user ''@'localhost' to database 'thinkphp'

[ 2013-08-25T10:53:43+08:00 ] 127.0.0.1 /webapp/
INFO: [ app_begin ] --START--
INFO: ReadHtmlCache Behavior ::run [ RunTime:0.000652s ]
INFO: [ app_begin ] --END-- [ RunTime:0.000774s ]
SQL: SHOW COLUMNS FROM `think_data` [ RunTime:0.000382s ]
SQL: SELECT * FROM `think_data`  [ RunTime:0.000112s ]
INFO: [ view_parse ] --START--
NOTIC: [8] Undefined variable: name /home/andos/workspace/apache/webapp/Runtime/Cache/e1389179a29a3e42a3c8059be1c544bf.php 第 3 行.
NOTIC: [8] Undefined variable: name /home/andos/workspace/apache/webapp/Runtime/Cache/e1389179a29a3e42a3c8059be1c544bf.php 第 6 行.
INFO: ParseTemplate Behavior ::run [ RunTime:0.003450s ]
INFO: [ view_parse ] --END-- [ RunTime:0.003494s ]
INFO: [ view_filter ] --START--
INFO: ContentReplace Behavior ::run [ RunTime:0.000145s ]
INFO: TokenBuild Behavior ::run [ RunTime:0.000158s ]
INFO: WriteHtmlCache Behavior ::run [ RunTime:0.000089s ]
INFO: ShowRuntime Behavior ::run [ RunTime:0.000191s ]
INFO: [ view_filter ] --END-- [ RunTime:0.000685s ]
INFO: [ view_end ] --START--
INFO: ShowPageTrace Behavior ::run [ RunTime:0.000268s ]
INFO: [ view_end ] --END-- [ RunTime:0.000299s ]

[ 2013-08-25T10:53:44+08:00 ] 127.0.0.1 /webapp/
INFO: [ app_begin ] --START--
INFO: ReadHtmlCache Behavior ::run [ RunTime:0.000242s ]
INFO: [ app_begin ] --END-- [ RunTime:0.000300s ]
SQL: SHOW COLUMNS FROM `think_data` [ RunTime:0.000386s ]
SQL: SELECT * FROM `think_data`  [ RunTime:0.000121s ]
INFO: [ view_parse ] --START--
NOTIC: [8] Undefined variable: name /home/andos/workspace/apache/webapp/Runtime/Cache/e1389179a29a3e42a3c8059be1c544bf.php 第 3 行.
NOTIC: [8] Undefined variable: name /home/andos/workspace/apache/webapp/Runtime/Cache/e1389179a29a3e42a3c8059be1c544bf.php 第 6 行.
INFO: ParseTemplate Behavior ::run [ RunTime:0.003472s ]
INFO: [ view_parse ] --END-- [ RunTime:0.003524s ]
INFO: [ view_filter ] --START--
INFO: ContentReplace Behavior ::run [ RunTime:0.000208s ]
INFO: TokenBuild Behavior ::run [ RunTime:0.000243s ]
INFO: WriteHtmlCache Behavior ::run [ RunTime:0.000150s ]
INFO: ShowRuntime Behavior ::run [ RunTime:0.000273s ]
INFO: [ view_filter ] --END-- [ RunTime:0.001025s ]
INFO: [ view_end ] --START--
INFO: ShowPageTrace Behavior ::run [ RunTime:0.000410s ]
INFO: [ view_end ] --END-- [ RunTime:0.000459s ]

[ 2013-08-25T10:53:44+08:00 ] 127.0.0.1 /webapp/
INFO: [ app_begin ] --START--
INFO: ReadHtmlCache Behavior ::run [ RunTime:0.000235s ]
INFO: [ app_begin ] --END-- [ RunTime:0.000290s ]
SQL: SHOW COLUMNS FROM `think_data` [ RunTime:0.000411s ]
SQL: SELECT * FROM `think_data`  [ RunTime:0.000063s ]
INFO: [ view_parse ] --START--
NOTIC: [8] Undefined variable: name /home/andos/workspace/apache/webapp/Runtime/Cache/e1389179a29a3e42a3c8059be1c544bf.php 第 3 行.
NOTIC: [8] Undefined variable: name /home/andos/workspace/apache/webapp/Runtime/Cache/e1389179a29a3e42a3c8059be1c544bf.php 第 6 行.
INFO: ParseTemplate Behavior ::run [ RunTime:0.005129s ]
INFO: [ view_parse ] --END-- [ RunTime:0.005191s ]
INFO: [ view_filter ] --START--
INFO: ContentReplace Behavior ::run [ RunTime:0.000219s ]
INFO: TokenBuild Behavior ::run [ RunTime:0.000198s ]
INFO: WriteHtmlCache Behavior ::run [ RunTime:0.000131s ]
INFO: ShowRuntime Behavior ::run [ RunTime:0.000204s ]
INFO: [ view_filter ] --END-- [ RunTime:0.000879s ]
INFO: [ view_end ] --START--
INFO: ShowPageTrace Behavior ::run [ RunTime:0.000286s ]
INFO: [ view_end ] --END-- [ RunTime:0.000321s ]

[ 2013-08-25T10:53:44+08:00 ] 127.0.0.1 /webapp/
INFO: [ app_begin ] --START--
INFO: ReadHtmlCache Behavior ::run [ RunTime:0.000216s ]
INFO: [ app_begin ] --END-- [ RunTime:0.000266s ]
SQL: SHOW COLUMNS FROM `think_data` [ RunTime:0.000407s ]
SQL: SELECT * FROM `think_data`  [ RunTime:0.000046s ]
INFO: [ view_parse ] --START--
NOTIC: [8] Undefined variable: name /home/andos/workspace/apache/webapp/Runtime/Cache/e1389179a29a3e42a3c8059be1c544bf.php 第 3 行.
NOTIC: [8] Undefined variable: name /home/andos/workspace/apache/webapp/Runtime/Cache/e1389179a29a3e42a3c8059be1c544bf.php 第 6 行.
INFO: ParseTemplate Behavior ::run [ RunTime:0.004067s ]
INFO: [ view_parse ] --END-- [ RunTime:0.004134s ]
INFO: [ view_filter ] --START--
INFO: ContentReplace Behavior ::run [ RunTime:0.000307s ]
INFO: TokenBuild Behavior ::run [ RunTime:0.000274s ]
INFO: WriteHtmlCache Behavior ::run [ RunTime:0.000136s ]
INFO: ShowRuntime Behavior ::run [ RunTime:0.000329s ]
INFO: [ view_filter ] --END-- [ RunTime:0.001219s ]
INFO: [ view_end ] --START--
INFO: ShowPageTrace Behavior ::run [ RunTime:0.000446s ]
INFO: [ view_end ] --END-- [ RunTime:0.000498s ]

[ 2013-08-25T10:53:44+08:00 ] 127.0.0.1 /webapp/
INFO: [ app_begin ] --START--
INFO: ReadHtmlCache Behavior ::run [ RunTime:0.000257s ]
INFO: [ app_begin ] --END-- [ RunTime:0.000317s ]
SQL: SHOW COLUMNS FROM `think_data` [ RunTime:0.000425s ]
SQL: SELECT * FROM `think_data`  [ RunTime:0.000046s ]
INFO: [ view_parse ] --START--
NOTIC: [8] Undefined variable: name /home/andos/workspace/apache/webapp/Runtime/Cache/e1389179a29a3e42a3c8059be1c544bf.php 第 3 行.
NOTIC: [8] Undefined variable: name /home/andos/workspace/apache/webapp/Runtime/Cache/e1389179a29a3e42a3c8059be1c544bf.php 第 6 行.
INFO: ParseTemplate Behavior ::run [ RunTime:0.004917s ]
INFO: [ view_parse ] --END-- [ RunTime:0.004975s ]
INFO: [ view_filter ] --START--
INFO: ContentReplace Behavior ::run [ RunTime:0.000191s ]
INFO: TokenBuild Behavior ::run [ RunTime:0.000211s ]
INFO: WriteHtmlCache Behavior ::run [ RunTime:0.000117s ]
INFO: ShowRuntime Behavior ::run [ RunTime:0.000285s ]
INFO: [ view_filter ] --END-- [ RunTime:0.000939s ]
INFO: [ view_end ] --START--
INFO: ShowPageTrace Behavior ::run [ RunTime:0.000403s ]
INFO: [ view_end ] --END-- [ RunTime:0.000452s ]

[ 2013-08-25T10:53:44+08:00 ] 127.0.0.1 /webapp/
INFO: [ app_begin ] --START--
INFO: ReadHtmlCache Behavior ::run [ RunTime:0.000268s ]
INFO: [ app_begin ] --END-- [ RunTime:0.000334s ]
SQL: SHOW COLUMNS FROM `think_data` [ RunTime:0.000411s ]
SQL: SELECT * FROM `think_data`  [ RunTime:0.000048s ]
INFO: [ view_parse ] --START--
NOTIC: [8] Undefined variable: name /home/andos/workspace/apache/webapp/Runtime/Cache/e1389179a29a3e42a3c8059be1c544bf.php 第 3 行.
NOTIC: [8] Undefined variable: name /home/andos/workspace/apache/webapp/Runtime/Cache/e1389179a29a3e42a3c8059be1c544bf.php 第 6 行.
INFO: ParseTemplate Behavior ::run [ RunTime:0.003514s ]
INFO: [ view_parse ] --END-- [ RunTime:0.003557s ]
INFO: [ view_filter ] --START--
INFO: ContentReplace Behavior ::run [ RunTime:0.000150s ]
INFO: TokenBuild Behavior ::run [ RunTime:0.000161s ]
INFO: WriteHtmlCache Behavior ::run [ RunTime:0.000091s ]
INFO: ShowRuntime Behavior ::run [ RunTime:0.000207s ]
INFO: [ view_filter ] --END-- [ RunTime:0.000710s ]
INFO: [ view_end ] --START--
INFO: ShowPageTrace Behavior ::run [ RunTime:0.000292s ]
INFO: [ view_end ] --END-- [ RunTime:0.000327s ]

[ 2013-08-25T10:53:44+08:00 ] 127.0.0.1 /webapp/
INFO: [ app_begin ] --START--
INFO: ReadHtmlCache Behavior ::run [ RunTime:0.000274s ]
INFO: [ app_begin ] --END-- [ RunTime:0.000345s ]
SQL: SHOW COLUMNS FROM `think_data` [ RunTime:0.000433s ]
SQL: SELECT * FROM `think_data`  [ RunTime:0.000051s ]
INFO: [ view_parse ] --START--
NOTIC: [8] Undefined variable: name /home/andos/workspace/apache/webapp/Runtime/Cache/e1389179a29a3e42a3c8059be1c544bf.php 第 3 行.
NOTIC: [8] Undefined variable: name /home/andos/workspace/apache/webapp/Runtime/Cache/e1389179a29a3e42a3c8059be1c544bf.php 第 6 行.
INFO: ParseTemplate Behavior ::run [ RunTime:0.003447s ]
INFO: [ view_parse ] --END-- [ RunTime:0.003489s ]
INFO: [ view_filter ] --START--
INFO: ContentReplace Behavior ::run [ RunTime:0.000135s ]
INFO: TokenBuild Behavior ::run [ RunTime:0.000138s ]
INFO: WriteHtmlCache Behavior ::run [ RunTime:0.000080s ]
INFO: ShowRuntime Behavior ::run [ RunTime:0.000182s ]
INFO: [ view_filter ] --END-- [ RunTime:0.000624s ]
INFO: [ view_end ] --START--
INFO: ShowPageTrace Behavior ::run [ RunTime:0.000268s ]
INFO: [ view_end ] --END-- [ RunTime:0.000301s ]

[ 2013-08-25T10:54:26+08:00 ] 127.0.0.1 /webapp/
INFO: [ app_begin ] --START--
INFO: ReadHtmlCache Behavior ::run [ RunTime:0.000439s ]
INFO: [ app_begin ] --END-- [ RunTime:0.000532s ]
SQL: SHOW COLUMNS FROM `think_data` [ RunTime:0.000412s ]
SQL: SELECT * FROM `think_data`  [ RunTime:0.000046s ]
INFO: [ view_parse ] --START--
INFO: ParseTemplate Behavior ::run [ RunTime:0.004833s ]
INFO: [ view_parse ] --END-- [ RunTime:0.004902s ]
INFO: [ view_filter ] --START--
INFO: ContentReplace Behavior ::run [ RunTime:0.000209s ]
INFO: TokenBuild Behavior ::run [ RunTime:0.000228s ]
INFO: WriteHtmlCache Behavior ::run [ RunTime:0.000131s ]
INFO: ShowRuntime Behavior ::run [ RunTime:0.000274s ]
INFO: [ view_filter ] --END-- [ RunTime:0.000979s ]
INFO: [ view_end ] --START--
INFO: ShowPageTrace Behavior ::run [ RunTime:0.000396s ]
INFO: [ view_end ] --END-- [ RunTime:0.000442s ]

[ 2013-08-25T10:55:31+08:00 ] 127.0.0.1 /webapp/
INFO: [ app_begin ] --START--
INFO: ReadHtmlCache Behavior ::run [ RunTime:0.000252s ]
INFO: [ app_begin ] --END-- [ RunTime:0.000310s ]
SQL: SHOW COLUMNS FROM `think_data` [ RunTime:0.000371s ]
SQL: SELECT * FROM `think_data`  [ RunTime:0.000040s ]
INFO: [ view_parse ] --START--
INFO: ParseTemplate Behavior ::run [ RunTime:0.004358s ]
INFO: [ view_parse ] --END-- [ RunTime:0.004415s ]
INFO: [ view_filter ] --START--
INFO: ContentReplace Behavior ::run [ RunTime:0.000168s ]
INFO: TokenBuild Behavior ::run [ RunTime:0.000166s ]
INFO: WriteHtmlCache Behavior ::run [ RunTime:0.000093s ]
INFO: ShowRuntime Behavior ::run [ RunTime:0.000441s ]
INFO: [ view_filter ] --END-- [ RunTime:0.001027s ]
INFO: [ view_end ] --START--
INFO: ShowPageTrace Behavior ::run [ RunTime:0.001074s ]
INFO: [ view_end ] --END-- [ RunTime:0.001191s ]

[ 2013-08-25T10:55:31+08:00 ] 127.0.0.1 /webapp/
INFO: [ app_begin ] --START--
INFO: ReadHtmlCache Behavior ::run [ RunTime:0.000247s ]
INFO: [ app_begin ] --END-- [ RunTime:0.000300s ]
SQL: SHOW COLUMNS FROM `think_data` [ RunTime:0.000449s ]
SQL: SELECT * FROM `think_data`  [ RunTime:0.000036s ]
INFO: [ view_parse ] --START--
INFO: ParseTemplate Behavior ::run [ RunTime:0.003536s ]
INFO: [ view_parse ] --END-- [ RunTime:0.003582s ]
INFO: [ view_filter ] --START--
INFO: ContentReplace Behavior ::run [ RunTime:0.000136s ]
INFO: TokenBuild Behavior ::run [ RunTime:0.000139s ]
INFO: WriteHtmlCache Behavior ::run [ RunTime:0.000080s ]
INFO: ShowRuntime Behavior ::run [ RunTime:0.000182s ]
INFO: [ view_filter ] --END-- [ RunTime:0.000626s ]
INFO: [ view_end ] --START--
INFO: ShowPageTrace Behavior ::run [ RunTime:0.000259s ]
INFO: [ view_end ] --END-- [ RunTime:0.000289s ]

[ 2013-08-25T10:55:31+08:00 ] 127.0.0.1 /webapp/
INFO: [ app_begin ] --START--
INFO: ReadHtmlCache Behavior ::run [ RunTime:0.000256s ]
INFO: [ app_begin ] --END-- [ RunTime:0.000314s ]
SQL: SHOW COLUMNS FROM `think_data` [ RunTime:0.000377s ]
SQL: SELECT * FROM `think_data`  [ RunTime:0.000048s ]
INFO: [ view_parse ] --START--
INFO: ParseTemplate Behavior ::run [ RunTime:0.003559s ]
INFO: [ view_parse ] --END-- [ RunTime:0.003607s ]
INFO: [ view_filter ] --START--
INFO: ContentReplace Behavior ::run [ RunTime:0.000144s ]
INFO: TokenBuild Behavior ::run [ RunTime:0.000152s ]
INFO: WriteHtmlCache Behavior ::run [ RunTime:0.000092s ]
INFO: ShowRuntime Behavior ::run [ RunTime:0.000195s ]
INFO: [ view_filter ] --END-- [ RunTime:0.000669s ]
INFO: [ view_end ] --START--
INFO: ShowPageTrace Behavior ::run [ RunTime:0.000261s ]
INFO: [ view_end ] --END-- [ RunTime:0.000290s ]

[ 2013-08-25T10:55:34+08:00 ] 127.0.0.1 /webapp/
INFO: [ app_begin ] --START--
INFO: ReadHtmlCache Behavior ::run [ RunTime:0.000306s ]
INFO: [ app_begin ] --END-- [ RunTime:0.000372s ]
SQL: SHOW COLUMNS FROM `think_data` [ RunTime:0.000386s ]
SQL: SELECT * FROM `think_data`  [ RunTime:0.000045s ]
INFO: [ view_parse ] --START--
NOTIC: [8] Undefined variable: data /home/andos/workspace/apache/webapp/Runtime/Cache/e1389179a29a3e42a3c8059be1c544bf.php 第 6 行.
INFO: ParseTemplate Behavior ::run [ RunTime:0.003822s ]
INFO: [ view_parse ] --END-- [ RunTime:0.003865s ]
INFO: [ view_filter ] --START--
INFO: ContentReplace Behavior ::run [ RunTime:0.000142s ]
INFO: TokenBuild Behavior ::run [ RunTime:0.000140s ]
INFO: WriteHtmlCache Behavior ::run [ RunTime:0.000081s ]
INFO: ShowRuntime Behavior ::run [ RunTime:0.000201s ]
INFO: [ view_filter ] --END-- [ RunTime:0.000652s ]
INFO: [ view_end ] --START--
INFO: ShowPageTrace Behavior ::run [ RunTime:0.000262s ]
INFO: [ view_end ] --END-- [ RunTime:0.000292s ]

[ 2013-08-25T10:55:40+08:00 ] 127.0.0.1 /webapp/
INFO: [ app_begin ] --START--
INFO: ReadHtmlCache Behavior ::run [ RunTime:0.000248s ]
INFO: [ app_begin ] --END-- [ RunTime:0.000308s ]
SQL: SHOW COLUMNS FROM `think_data` [ RunTime:0.000429s ]
SQL: SELECT * FROM `think_data`  [ RunTime:0.000035s ]
INFO: [ view_parse ] --START--
INFO: ParseTemplate Behavior ::run [ RunTime:0.004443s ]
INFO: [ view_parse ] --END-- [ RunTime:0.004518s ]
INFO: [ view_filter ] --START--
INFO: ContentReplace Behavior ::run [ RunTime:0.000233s ]
INFO: TokenBuild Behavior ::run [ RunTime:0.000202s ]
INFO: WriteHtmlCache Behavior ::run [ RunTime:0.000110s ]
INFO: ShowRuntime Behavior ::run [ RunTime:0.000226s ]
INFO: [ view_filter ] --END-- [ RunTime:0.000912s ]
INFO: [ view_end ] --START--
INFO: ShowPageTrace Behavior ::run [ RunTime:0.000328s ]
INFO: [ view_end ] --END-- [ RunTime:0.000367s ]

[ 2013-08-25T10:56:24+08:00 ] 127.0.0.1 /webapp/
INFO: [ app_begin ] --START--
INFO: ReadHtmlCache Behavior ::run [ RunTime:0.000390s ]
INFO: [ app_begin ] --END-- [ RunTime:0.000473s ]
SQL: SHOW COLUMNS FROM `think_data` [ RunTime:0.000525s ]
SQL: SELECT * FROM `think_data`  [ RunTime:0.000060s ]
NOTIC: [8] Array to string conversion /home/andos/workspace/apache/webapp/Lib/Action/IndexAction.class.php 第 7 行.
INFO: [ view_parse ] --START--
NOTIC: [8] Undefined variable: data /home/andos/workspace/apache/webapp/Runtime/Cache/e1389179a29a3e42a3c8059be1c544bf.php 第 6 行.
INFO: ParseTemplate Behavior ::run [ RunTime:0.004195s ]
INFO: [ view_parse ] --END-- [ RunTime:0.004245s ]
INFO: [ view_filter ] --START--
INFO: ContentReplace Behavior ::run [ RunTime:0.000140s ]
INFO: TokenBuild Behavior ::run [ RunTime:0.000133s ]
INFO: WriteHtmlCache Behavior ::run [ RunTime:0.000091s ]
INFO: ShowRuntime Behavior ::run [ RunTime:0.000180s ]
INFO: [ view_filter ] --END-- [ RunTime:0.000636s ]
INFO: [ view_end ] --START--
INFO: ShowPageTrace Behavior ::run [ RunTime:0.000291s ]
INFO: [ view_end ] --END-- [ RunTime:0.000322s ]

[ 2013-08-25T10:56:25+08:00 ] 127.0.0.1 /webapp/
INFO: [ app_begin ] --START--
INFO: ReadHtmlCache Behavior ::run [ RunTime:0.000261s ]
INFO: [ app_begin ] --END-- [ RunTime:0.000318s ]
SQL: SHOW COLUMNS FROM `think_data` [ RunTime:0.000350s ]
SQL: SELECT * FROM `think_data`  [ RunTime:0.000031s ]
NOTIC: [8] Array to string conversion /home/andos/workspace/apache/webapp/Lib/Action/IndexAction.class.php 第 7 行.
INFO: [ view_parse ] --START--
NOTIC: [8] Undefined variable: data /home/andos/workspace/apache/webapp/Runtime/Cache/e1389179a29a3e42a3c8059be1c544bf.php 第 6 行.
INFO: ParseTemplate Behavior ::run [ RunTime:0.003716s ]
INFO: [ view_parse ] --END-- [ RunTime:0.003759s ]
INFO: [ view_filter ] --START--
INFO: ContentReplace Behavior ::run [ RunTime:0.000139s ]
INFO: TokenBuild Behavior ::run [ RunTime:0.000150s ]
INFO: WriteHtmlCache Behavior ::run [ RunTime:0.000082s ]
INFO: ShowRuntime Behavior ::run [ RunTime:0.000185s ]
INFO: [ view_filter ] --END-- [ RunTime:0.000640s ]
INFO: [ view_end ] --START--
INFO: ShowPageTrace Behavior ::run [ RunTime:0.000243s ]
INFO: [ view_end ] --END-- [ RunTime:0.000271s ]

[ 2013-08-25T10:56:25+08:00 ] 127.0.0.1 /webapp/
INFO: [ app_begin ] --START--
INFO: ReadHtmlCache Behavior ::run [ RunTime:0.000270s ]
INFO: [ app_begin ] --END-- [ RunTime:0.000330s ]
SQL: SHOW COLUMNS FROM `think_data` [ RunTime:0.000345s ]
SQL: SELECT * FROM `think_data`  [ RunTime:0.000064s ]
NOTIC: [8] Array to string conversion /home/andos/workspace/apache/webapp/Lib/Action/IndexAction.class.php 第 7 行.
INFO: [ view_parse ] --START--
NOTIC: [8] Undefined variable: data /home/andos/workspace/apache/webapp/Runtime/Cache/e1389179a29a3e42a3c8059be1c544bf.php 第 6 行.
INFO: ParseTemplate Behavior ::run [ RunTime:0.003360s ]
INFO: [ view_parse ] --END-- [ RunTime:0.003398s ]
INFO: [ view_filter ] --START--
INFO: ContentReplace Behavior ::run [ RunTime:0.000127s ]
INFO: TokenBuild Behavior ::run [ RunTime:0.000129s ]
INFO: WriteHtmlCache Behavior ::run [ RunTime:0.000091s ]
INFO: ShowRuntime Behavior ::run [ RunTime:0.000171s ]
INFO: [ view_filter ] --END-- [ RunTime:0.000597s ]
INFO: [ view_end ] --START--
INFO: ShowPageTrace Behavior ::run [ RunTime:0.000240s ]
INFO: [ view_end ] --END-- [ RunTime:0.000268s ]

[ 2013-08-25T10:56:25+08:00 ] 127.0.0.1 /webapp/
INFO: [ app_begin ] --START--
INFO: ReadHtmlCache Behavior ::run [ RunTime:0.000528s ]
INFO: [ app_begin ] --END-- [ RunTime:0.000645s ]
SQL: SHOW COLUMNS FROM `think_data` [ RunTime:0.000368s ]
SQL: SELECT * FROM `think_data`  [ RunTime:0.000037s ]
NOTIC: [8] Array to string conversion /home/andos/workspace/apache/webapp/Lib/Action/IndexAction.class.php 第 7 行.
INFO: [ view_parse ] --START--
NOTIC: [8] Undefined variable: data /home/andos/workspace/apache/webapp/Runtime/Cache/e1389179a29a3e42a3c8059be1c544bf.php 第 6 行.
INFO: ParseTemplate Behavior ::run [ RunTime:0.004092s ]
INFO: [ view_parse ] --END-- [ RunTime:0.004139s ]
INFO: [ view_filter ] --START--
INFO: ContentReplace Behavior ::run [ RunTime:0.000194s ]
INFO: TokenBuild Behavior ::run [ RunTime:0.000158s ]
INFO: WriteHtmlCache Behavior ::run [ RunTime:0.000082s ]
INFO: ShowRuntime Behavior ::run [ RunTime:0.000185s ]
INFO: [ view_filter ] --END-- [ RunTime:0.000708s ]
INFO: [ view_end ] --START--
INFO: ShowPageTrace Behavior ::run [ RunTime:0.000261s ]
INFO: [ view_end ] --END-- [ RunTime:0.000291s ]

[ 2013-08-25T10:56:39+08:00 ] 127.0.0.1 /webapp/
INFO: [ app_begin ] --START--
INFO: ReadHtmlCache Behavior ::run [ RunTime:0.000236s ]
INFO: [ app_begin ] --END-- [ RunTime:0.000292s ]
SQL: SHOW COLUMNS FROM `think_data` [ RunTime:0.000627s ]
SQL: SELECT * FROM `think_data`  [ RunTime:0.000060s ]
INFO: [ view_parse ] --START--
INFO: ParseTemplate Behavior ::run [ RunTime:0.004108s ]
INFO: [ view_parse ] --END-- [ RunTime:0.004167s ]
INFO: [ view_filter ] --START--
INFO: ContentReplace Behavior ::run [ RunTime:0.000148s ]
INFO: TokenBuild Behavior ::run [ RunTime:0.000137s ]
INFO: WriteHtmlCache Behavior ::run [ RunTime:0.000088s ]
INFO: ShowRuntime Behavior ::run [ RunTime:0.000188s ]
INFO: [ view_filter ] --END-- [ RunTime:0.000661s ]
INFO: [ view_end ] --START--
INFO: ShowPageTrace Behavior ::run [ RunTime:0.000264s ]
INFO: [ view_end ] --END-- [ RunTime:0.000294s ]

